/*C3*/SET SCHEMA PUBLIC
DELETE FROM PATIENT WHERE PID=15
INSERT INTO PATIENT VALUES(15,'Elisabet','Stalin','1958-03-07',5,'110','arm')
COMMIT
DELETE FROM PATIENT WHERE PID=1
INSERT INTO PATIENT VALUES(1,'Seppl','Herberger','1945-12-01',4,'202','verm\u00f6gend')
COMMIT
DELETE FROM PATIENT WHERE PID=3
INSERT INTO PATIENT VALUES(3,'Martina','Gerdsen','1954-08-12',5,'010','arm')
COMMIT
DELETE FROM PATIENT WHERE PID=4
INSERT INTO PATIENT VALUES(4,'Olja','Franzen','1949-04-16',3,'002','normal')
COMMIT
DELETE FROM PATIENT WHERE PID=5
INSERT INTO PATIENT VALUES(5,'Ahmet','Yilmaz','1941-02-22',3,'013','normal')
COMMIT
DELETE FROM PATIENT WHERE PID=11
INSERT INTO PATIENT VALUES(11,'Hans','Neumann','1955-12-12',2,'001','sehr verm\u00f6gend')
COMMIT
DELETE FROM PATIENT WHERE PID=15
INSERT INTO PATIENT VALUES(15,'Elisabet','M\u00fcller6','1958-03-07',5,'110','arm')
COMMIT
DELETE FROM PATIENT WHERE PID=21
INSERT INTO PATIENT VALUES(21,'fsdvs','sorry','2020-01-01',1,'111','arm')
COMMIT
DELETE FROM PATIENT WHERE PID=15
INSERT INTO PATIENT VALUES(15,'Elisabet','dfgsdhdgh','1958-03-07',5,'110','arm')
COMMIT
DELETE FROM PATIENT WHERE PID=1
INSERT INTO PATIENT VALUES(1,'Seppl','Herberger','1945-12-01',4,'202','verm\u00f6gend')
COMMIT
DELETE FROM PATIENT WHERE PID=3
INSERT INTO PATIENT VALUES(3,'Martina','Gerdsen','1954-08-12',5,'010','arm')
COMMIT
DELETE FROM PATIENT WHERE PID=4
INSERT INTO PATIENT VALUES(4,'Olja','Franzen','1949-04-16',3,'002','normal')
COMMIT
DELETE FROM PATIENT WHERE PID=5
INSERT INTO PATIENT VALUES(5,'Ahmet','Yilmaz','1941-02-22',3,'013','normal')
COMMIT
DELETE FROM PATIENT WHERE PID=11
INSERT INTO PATIENT VALUES(11,'Hans','Neumann','1955-12-12',2,'001','sehr verm\u00f6gend')
COMMIT
DELETE FROM PATIENT WHERE PID=15
INSERT INTO PATIENT VALUES(15,'Elisabet','M\u00fcller6','1958-03-07',5,'110','arm')
COMMIT
DELETE FROM PATIENT WHERE PID=21
INSERT INTO PATIENT VALUES(21,'fsdvs','sorry','2020-01-01',1,'111','arm')
COMMIT
DISCONNECT
